<?xml version="1.0" encoding="UTF-8"?>
<testsuite xmlns:xsi="http://www.w3.org/2001/XMLSchema-instance" xsi:noNamespaceSchemaLocation="https://maven.apache.org/surefire/maven-surefire-plugin/xsd/surefire-test-report-3.0.xsd" version="3.0" name="com.JavaProj.RestaurantManagerImplTest" time="0.139" tests="7" errors="0" skipped="0" failures="0">
  <properties>
    <property name="java.specification.version" value="22"/>
    <property name="sun.cpu.isalist" value="amd64"/>
    <property name="sun.jnu.encoding" value="Cp1252"/>
    <property name="java.class.path" value="C:\Users\smowais.ali\Java\RestaurantReservationSystem\target\test-classes;C:\Users\smowais.ali\Java\RestaurantReservationSystem\target\classes;C:\Users\smowais.ali\.m2\repository\org\junit\jupiter\junit-jupiter-api\5.9.3\junit-jupiter-api-5.9.3.jar;C:\Users\smowais.ali\.m2\repository\org\opentest4j\opentest4j\1.2.0\opentest4j-1.2.0.jar;C:\Users\smowais.ali\.m2\repository\org\junit\platform\junit-platform-commons\1.9.3\junit-platform-commons-1.9.3.jar;C:\Users\smowais.ali\.m2\repository\org\apiguardian\apiguardian-api\1.1.2\apiguardian-api-1.1.2.jar;C:\Users\smowais.ali\.m2\repository\org\junit\jupiter\junit-jupiter-engine\5.9.3\junit-jupiter-engine-5.9.3.jar;C:\Users\smowais.ali\.m2\repository\org\junit\platform\junit-platform-engine\1.9.3\junit-platform-engine-1.9.3.jar;C:\Users\smowais.ali\.m2\repository\org\mongodb\mongodb-driver-sync\4.3.4\mongodb-driver-sync-4.3.4.jar;C:\Users\smowais.ali\.m2\repository\org\mongodb\bson\4.3.4\bson-4.3.4.jar;C:\Users\smowais.ali\.m2\repository\org\mongodb\mongodb-driver-core\4.3.4\mongodb-driver-core-4.3.4.jar;C:\Users\smowais.ali\.m2\repository\org\springframework\boot\spring-boot-starter-web\2.7.3\spring-boot-starter-web-2.7.3.jar;C:\Users\smowais.ali\.m2\repository\org\springframework\boot\spring-boot-starter\2.7.3\spring-boot-starter-2.7.3.jar;C:\Users\smowais.ali\.m2\repository\org\springframework\boot\spring-boot\2.7.3\spring-boot-2.7.3.jar;C:\Users\smowais.ali\.m2\repository\org\springframework\boot\spring-boot-autoconfigure\2.7.3\spring-boot-autoconfigure-2.7.3.jar;C:\Users\smowais.ali\.m2\repository\org\springframework\boot\spring-boot-starter-logging\2.7.3\spring-boot-starter-logging-2.7.3.jar;C:\Users\smowais.ali\.m2\repository\ch\qos\logback\logback-classic\1.2.11\logback-classic-1.2.11.jar;C:\Users\smowais.ali\.m2\repository\ch\qos\logback\logback-core\1.2.11\logback-core-1.2.11.jar;C:\Users\smowais.ali\.m2\repository\org\apache\logging\log4j\log4j-to-slf4j\2.17.2\log4j-to-slf4j-2.17.2.jar;C:\Users\smowais.ali\.m2\repository\org\apache\logging\log4j\log4j-api\2.17.2\log4j-api-2.17.2.jar;C:\Users\smowais.ali\.m2\repository\org\slf4j\jul-to-slf4j\1.7.36\jul-to-slf4j-1.7.36.jar;C:\Users\smowais.ali\.m2\repository\jakarta\annotation\jakarta.annotation-api\1.3.5\jakarta.annotation-api-1.3.5.jar;C:\Users\smowais.ali\.m2\repository\org\springframework\spring-core\5.3.22\spring-core-5.3.22.jar;C:\Users\smowais.ali\.m2\repository\org\springframework\spring-jcl\5.3.22\spring-jcl-5.3.22.jar;C:\Users\smowais.ali\.m2\repository\org\yaml\snakeyaml\1.30\snakeyaml-1.30.jar;C:\Users\smowais.ali\.m2\repository\org\springframework\boot\spring-boot-starter-json\2.7.3\spring-boot-starter-json-2.7.3.jar;C:\Users\smowais.ali\.m2\repository\com\fasterxml\jackson\datatype\jackson-datatype-jdk8\2.13.3\jackson-datatype-jdk8-2.13.3.jar;C:\Users\smowais.ali\.m2\repository\com\fasterxml\jackson\datatype\jackson-datatype-jsr310\2.13.3\jackson-datatype-jsr310-2.13.3.jar;C:\Users\smowais.ali\.m2\repository\com\fasterxml\jackson\module\jackson-module-parameter-names\2.13.3\jackson-module-parameter-names-2.13.3.jar;C:\Users\smowais.ali\.m2\repository\org\springframework\boot\spring-boot-starter-tomcat\2.7.3\spring-boot-starter-tomcat-2.7.3.jar;C:\Users\smowais.ali\.m2\repository\org\apache\tomcat\embed\tomcat-embed-core\9.0.65\tomcat-embed-core-9.0.65.jar;C:\Users\smowais.ali\.m2\repository\org\apache\tomcat\embed\tomcat-embed-el\9.0.65\tomcat-embed-el-9.0.65.jar;C:\Users\smowais.ali\.m2\repository\org\apache\tomcat\embed\tomcat-embed-websocket\9.0.65\tomcat-embed-websocket-9.0.65.jar;C:\Users\smowais.ali\.m2\repository\org\springframework\spring-web\5.3.22\spring-web-5.3.22.jar;C:\Users\smowais.ali\.m2\repository\org\springframework\spring-beans\5.3.22\spring-beans-5.3.22.jar;C:\Users\smowais.ali\.m2\repository\org\springframework\spring-webmvc\5.3.22\spring-webmvc-5.3.22.jar;C:\Users\smowais.ali\.m2\repository\org\springframework\spring-aop\5.3.22\spring-aop-5.3.22.jar;C:\Users\smowais.ali\.m2\repository\org\springframework\spring-context\5.3.22\spring-context-5.3.22.jar;C:\Users\smowais.ali\.m2\repository\org\springframework\spring-expression\5.3.22\spring-expression-5.3.22.jar;C:\Users\smowais.ali\.m2\repository\org\springframework\boot\spring-boot-starter-data-mongodb\2.7.3\spring-boot-starter-data-mongodb-2.7.3.jar;C:\Users\smowais.ali\.m2\repository\org\springframework\data\spring-data-mongodb\3.4.2\spring-data-mongodb-3.4.2.jar;C:\Users\smowais.ali\.m2\repository\org\springframework\spring-tx\5.3.22\spring-tx-5.3.22.jar;C:\Users\smowais.ali\.m2\repository\org\springframework\data\spring-data-commons\2.7.2\spring-data-commons-2.7.2.jar;C:\Users\smowais.ali\.m2\repository\org\slf4j\slf4j-api\1.7.32\slf4j-api-1.7.32.jar;C:\Users\smowais.ali\.m2\repository\org\mockito\mockito-core\5.3.1\mockito-core-5.3.1.jar;C:\Users\smowais.ali\.m2\repository\net\bytebuddy\byte-buddy\1.14.4\byte-buddy-1.14.4.jar;C:\Users\smowais.ali\.m2\repository\net\bytebuddy\byte-buddy-agent\1.14.4\byte-buddy-agent-1.14.4.jar;C:\Users\smowais.ali\.m2\repository\org\objenesis\objenesis\3.3\objenesis-3.3.jar;C:\Users\smowais.ali\.m2\repository\org\mockito\mockito-inline\5.0.0\mockito-inline-5.0.0.jar;C:\Users\smowais.ali\.m2\repository\com\fasterxml\jackson\core\jackson-databind\2.15.0\jackson-databind-2.15.0.jar;C:\Users\smowais.ali\.m2\repository\com\fasterxml\jackson\core\jackson-annotations\2.15.0\jackson-annotations-2.15.0.jar;C:\Users\smowais.ali\.m2\repository\com\fasterxml\jackson\core\jackson-core\2.15.0\jackson-core-2.15.0.jar;C:\Users\smowais.ali\.m2\repository\com\google\code\gson\gson\2.8.8\gson-2.8.8.jar;"/>
    <property name="java.vm.vendor" value="Eclipse Adoptium"/>
    <property name="sun.arch.data.model" value="64"/>
    <property name="user.variant" value=""/>
    <property name="java.vendor.url" value="https://adoptium.net/"/>
    <property name="user.timezone" value="Asia/Karachi"/>
    <property name="os.name" value="Windows 11"/>
    <property name="java.vm.specification.version" value="22"/>
    <property name="sun.java.launcher" value="SUN_STANDARD"/>
    <property name="user.country" value="US"/>
    <property name="sun.boot.library.path" value="C:\Program Files\Eclipse Adoptium\jdk-22.0.0.36-hotspot\bin"/>
    <property name="sun.java.command" value="C:\Users\smowais.ali\AppData\Local\Temp\surefire11437827825717140439\surefirebooter-20240924190055628_3.jar C:\Users\smowais.ali\AppData\Local\Temp\surefire11437827825717140439 2024-09-24T19-00-55_476-jvmRun1 surefire-20240924190055628_1tmp surefire_0-20240924190055628_2tmp"/>
    <property name="jdk.debug" value="release"/>
    <property name="surefire.test.class.path" value="C:\Users\smowais.ali\Java\RestaurantReservationSystem\target\test-classes;C:\Users\smowais.ali\Java\RestaurantReservationSystem\target\classes;C:\Users\smowais.ali\.m2\repository\org\junit\jupiter\junit-jupiter-api\5.9.3\junit-jupiter-api-5.9.3.jar;C:\Users\smowais.ali\.m2\repository\org\opentest4j\opentest4j\1.2.0\opentest4j-1.2.0.jar;C:\Users\smowais.ali\.m2\repository\org\junit\platform\junit-platform-commons\1.9.3\junit-platform-commons-1.9.3.jar;C:\Users\smowais.ali\.m2\repository\org\apiguardian\apiguardian-api\1.1.2\apiguardian-api-1.1.2.jar;C:\Users\smowais.ali\.m2\repository\org\junit\jupiter\junit-jupiter-engine\5.9.3\junit-jupiter-engine-5.9.3.jar;C:\Users\smowais.ali\.m2\repository\org\junit\platform\junit-platform-engine\1.9.3\junit-platform-engine-1.9.3.jar;C:\Users\smowais.ali\.m2\repository\org\mongodb\mongodb-driver-sync\4.3.4\mongodb-driver-sync-4.3.4.jar;C:\Users\smowais.ali\.m2\repository\org\mongodb\bson\4.3.4\bson-4.3.4.jar;C:\Users\smowais.ali\.m2\repository\org\mongodb\mongodb-driver-core\4.3.4\mongodb-driver-core-4.3.4.jar;C:\Users\smowais.ali\.m2\repository\org\springframework\boot\spring-boot-starter-web\2.7.3\spring-boot-starter-web-2.7.3.jar;C:\Users\smowais.ali\.m2\repository\org\springframework\boot\spring-boot-starter\2.7.3\spring-boot-starter-2.7.3.jar;C:\Users\smowais.ali\.m2\repository\org\springframework\boot\spring-boot\2.7.3\spring-boot-2.7.3.jar;C:\Users\smowais.ali\.m2\repository\org\springframework\boot\spring-boot-autoconfigure\2.7.3\spring-boot-autoconfigure-2.7.3.jar;C:\Users\smowais.ali\.m2\repository\org\springframework\boot\spring-boot-starter-logging\2.7.3\spring-boot-starter-logging-2.7.3.jar;C:\Users\smowais.ali\.m2\repository\ch\qos\logback\logback-classic\1.2.11\logback-classic-1.2.11.jar;C:\Users\smowais.ali\.m2\repository\ch\qos\logback\logback-core\1.2.11\logback-core-1.2.11.jar;C:\Users\smowais.ali\.m2\repository\org\apache\logging\log4j\log4j-to-slf4j\2.17.2\log4j-to-slf4j-2.17.2.jar;C:\Users\smowais.ali\.m2\repository\org\apache\logging\log4j\log4j-api\2.17.2\log4j-api-2.17.2.jar;C:\Users\smowais.ali\.m2\repository\org\slf4j\jul-to-slf4j\1.7.36\jul-to-slf4j-1.7.36.jar;C:\Users\smowais.ali\.m2\repository\jakarta\annotation\jakarta.annotation-api\1.3.5\jakarta.annotation-api-1.3.5.jar;C:\Users\smowais.ali\.m2\repository\org\springframework\spring-core\5.3.22\spring-core-5.3.22.jar;C:\Users\smowais.ali\.m2\repository\org\springframework\spring-jcl\5.3.22\spring-jcl-5.3.22.jar;C:\Users\smowais.ali\.m2\repository\org\yaml\snakeyaml\1.30\snakeyaml-1.30.jar;C:\Users\smowais.ali\.m2\repository\org\springframework\boot\spring-boot-starter-json\2.7.3\spring-boot-starter-json-2.7.3.jar;C:\Users\smowais.ali\.m2\repository\com\fasterxml\jackson\datatype\jackson-datatype-jdk8\2.13.3\jackson-datatype-jdk8-2.13.3.jar;C:\Users\smowais.ali\.m2\repository\com\fasterxml\jackson\datatype\jackson-datatype-jsr310\2.13.3\jackson-datatype-jsr310-2.13.3.jar;C:\Users\smowais.ali\.m2\repository\com\fasterxml\jackson\module\jackson-module-parameter-names\2.13.3\jackson-module-parameter-names-2.13.3.jar;C:\Users\smowais.ali\.m2\repository\org\springframework\boot\spring-boot-starter-tomcat\2.7.3\spring-boot-starter-tomcat-2.7.3.jar;C:\Users\smowais.ali\.m2\repository\org\apache\tomcat\embed\tomcat-embed-core\9.0.65\tomcat-embed-core-9.0.65.jar;C:\Users\smowais.ali\.m2\repository\org\apache\tomcat\embed\tomcat-embed-el\9.0.65\tomcat-embed-el-9.0.65.jar;C:\Users\smowais.ali\.m2\repository\org\apache\tomcat\embed\tomcat-embed-websocket\9.0.65\tomcat-embed-websocket-9.0.65.jar;C:\Users\smowais.ali\.m2\repository\org\springframework\spring-web\5.3.22\spring-web-5.3.22.jar;C:\Users\smowais.ali\.m2\repository\org\springframework\spring-beans\5.3.22\spring-beans-5.3.22.jar;C:\Users\smowais.ali\.m2\repository\org\springframework\spring-webmvc\5.3.22\spring-webmvc-5.3.22.jar;C:\Users\smowais.ali\.m2\repository\org\springframework\spring-aop\5.3.22\spring-aop-5.3.22.jar;C:\Users\smowais.ali\.m2\repository\org\springframework\spring-context\5.3.22\spring-context-5.3.22.jar;C:\Users\smowais.ali\.m2\repository\org\springframework\spring-expression\5.3.22\spring-expression-5.3.22.jar;C:\Users\smowais.ali\.m2\repository\org\springframework\boot\spring-boot-starter-data-mongodb\2.7.3\spring-boot-starter-data-mongodb-2.7.3.jar;C:\Users\smowais.ali\.m2\repository\org\springframework\data\spring-data-mongodb\3.4.2\spring-data-mongodb-3.4.2.jar;C:\Users\smowais.ali\.m2\repository\org\springframework\spring-tx\5.3.22\spring-tx-5.3.22.jar;C:\Users\smowais.ali\.m2\repository\org\springframework\data\spring-data-commons\2.7.2\spring-data-commons-2.7.2.jar;C:\Users\smowais.ali\.m2\repository\org\slf4j\slf4j-api\1.7.32\slf4j-api-1.7.32.jar;C:\Users\smowais.ali\.m2\repository\org\mockito\mockito-core\5.3.1\mockito-core-5.3.1.jar;C:\Users\smowais.ali\.m2\repository\net\bytebuddy\byte-buddy\1.14.4\byte-buddy-1.14.4.jar;C:\Users\smowais.ali\.m2\repository\net\bytebuddy\byte-buddy-agent\1.14.4\byte-buddy-agent-1.14.4.jar;C:\Users\smowais.ali\.m2\repository\org\objenesis\objenesis\3.3\objenesis-3.3.jar;C:\Users\smowais.ali\.m2\repository\org\mockito\mockito-inline\5.0.0\mockito-inline-5.0.0.jar;C:\Users\smowais.ali\.m2\repository\com\fasterxml\jackson\core\jackson-databind\2.15.0\jackson-databind-2.15.0.jar;C:\Users\smowais.ali\.m2\repository\com\fasterxml\jackson\core\jackson-annotations\2.15.0\jackson-annotations-2.15.0.jar;C:\Users\smowais.ali\.m2\repository\com\fasterxml\jackson\core\jackson-core\2.15.0\jackson-core-2.15.0.jar;C:\Users\smowais.ali\.m2\repository\com\google\code\gson\gson\2.8.8\gson-2.8.8.jar;"/>
    <property name="sun.cpu.endian" value="little"/>
    <property name="user.home" value="C:\Users\smowais.ali"/>
    <property name="user.language" value="en"/>
    <property name="java.specification.vendor" value="Oracle Corporation"/>
    <property name="java.version.date" value="2024-03-19"/>
    <property name="java.home" value="C:\Program Files\Eclipse Adoptium\jdk-22.0.0.36-hotspot"/>
    <property name="file.separator" value="\"/>
    <property name="basedir" value="C:\Users\smowais.ali\Java\RestaurantReservationSystem"/>
    <property name="java.vm.compressedOopsMode" value="Zero based"/>
    <property name="line.separator" value="&#10;"/>
    <property name="java.vm.specification.vendor" value="Oracle Corporation"/>
    <property name="java.specification.name" value="Java Platform API Specification"/>
    <property name="surefire.real.class.path" value="C:\Users\smowais.ali\AppData\Local\Temp\surefire11437827825717140439\surefirebooter-20240924190055628_3.jar"/>
    <property name="user.script" value=""/>
    <property name="sun.management.compiler" value="HotSpot 64-Bit Tiered Compilers"/>
    <property name="java.runtime.version" value="22+36"/>
    <property name="user.name" value="smowais.ali"/>
    <property name="stdout.encoding" value="Cp1252"/>
    <property name="path.separator" value=";"/>
    <property name="os.version" value="10.0"/>
    <property name="java.runtime.name" value="OpenJDK Runtime Environment"/>
    <property name="file.encoding" value="UTF-8"/>
    <property name="java.vm.name" value="OpenJDK 64-Bit Server VM"/>
    <property name="java.vendor.version" value="Temurin-22+36"/>
    <property name="localRepository" value="C:\Users\smowais.ali\.m2\repository"/>
    <property name="java.vendor.url.bug" value="https://github.com/adoptium/adoptium-support/issues"/>
    <property name="java.io.tmpdir" value="C:\Users\smowais.ali\AppData\Local\Temp\"/>
    <property name="java.version" value="22"/>
    <property name="user.dir" value="C:\Users\smowais.ali\Java\RestaurantReservationSystem"/>
    <property name="os.arch" value="amd64"/>
    <property name="java.vm.specification.name" value="Java Virtual Machine Specification"/>
    <property name="sun.os.patch.level" value=""/>
    <property name="native.encoding" value="Cp1252"/>
    <property name="java.library.path" value="C:\Program Files\Eclipse Adoptium\jdk-22.0.0.36-hotspot\bin;C:\Windows\Sun\Java\bin;C:\Windows\system32;C:\Windows;C:\Program Files\Eclipse Adoptium\jdk-22.0.0.36-hotspot\bin;C:\Program Files\Eclipse Adoptium\jdk-8.0.402.6-hotspot\bin;C:\Windows\system32;C:\Windows;C:\Windows\System32\Wbem;C:\Windows\System32\WindowsPowerShell\v1.0\;C:\Windows\System32\OpenSSH\;C:\Program Files\Go\bin;C:\Program Files\Microsoft VS Code\bin;C:\Program Files\Git\cmd;C:\Users\smowais.ali\apache-maven-3.9.9\bin;C:\Program Files\RedHat\Podman\;C:\Program Files\Microsoft SQL Server\150\Tools\Binn\;C:\Program Files\Microsoft SQL Server\Client SDK\ODBC\170\Tools\Binn\;C:\Program Files\dotnet\;C:\Program Files\Eclipse Adoptium\jdk-22.0.0.36-hotspot\bin;C:\Program Files\Eclipse Adoptium\jdk-8.0.402.6-hotspot\bin;C:\Windows\system32;C:\Windows;C:\Windows\System32\Wbem;C:\Windows\System32\WindowsPowerShell\v1.0\;C:\Windows\System32\OpenSSH\;C:\Program Files\Go\bin;C:\Program Files\Microsoft VS Code\bin;C:\Program Files\Git\cmd;C:\Users\smowais.ali\apache-maven-3.9.9\bin;C:\Program Files\RedHat\Podman\;C:\Program Files\MongoDB\Server\7.0\bin;C:\Users\smowais.ali\Downloads\mongosh-2.3.0-win32-x64\mongosh-2.3.0-win32-x64\bin;."/>
    <property name="java.vm.info" value="mixed mode, sharing"/>
    <property name="stderr.encoding" value="Cp1252"/>
    <property name="java.vendor" value="Eclipse Adoptium"/>
    <property name="java.vm.version" value="22+36"/>
    <property name="sun.io.unicode.encoding" value="UnicodeLittle"/>
    <property name="java.class.version" value="66.0"/>
  </properties>
  <testcase name="testRemoveRestaurant" classname="com.JavaProj.RestaurantManagerImplTest" time="0.021">
    <system-out><![CDATA[19:00:56.786 [main] INFO org.mongodb.driver.cluster - Cluster created with settings {hosts=[localhost:27017], mode=SINGLE, requiredClusterType=UNKNOWN, serverSelectionTimeout='30000 ms'}
19:00:56.787 [main] DEBUG org.mongodb.driver.cluster - Updating cluster description to  {type=UNKNOWN, servers=[{address=localhost:27017, type=UNKNOWN, state=CONNECTING}]
19:00:56.789 [main] INFO org.mongodb.driver.cluster - Cluster description not yet available. Waiting for 30000 ms before timing out
19:00:56.791 [cluster-ClusterId{value='66f2c618cd420662ec667a33', description='null'}-localhost:27017] INFO org.mongodb.driver.connection - Opened connection [connectionId{localValue:11, serverValue:212}] to localhost:27017
19:00:56.791 [cluster-rtt-ClusterId{value='66f2c618cd420662ec667a33', description='null'}-localhost:27017] INFO org.mongodb.driver.connection - Opened connection [connectionId{localValue:10, serverValue:211}] to localhost:27017
19:00:56.791 [cluster-ClusterId{value='66f2c618cd420662ec667a33', description='null'}-localhost:27017] INFO org.mongodb.driver.cluster - Monitor thread successfully connected to server with description ServerDescription{address=localhost:27017, type=STANDALONE, state=CONNECTED, ok=true, minWireVersion=0, maxWireVersion=21, maxDocumentSize=16777216, logicalSessionTimeoutMinutes=30, roundTripTimeNanos=2439600}
19:00:56.791 [cluster-ClusterId{value='66f2c618cd420662ec667a33', description='null'}-localhost:27017] DEBUG org.mongodb.driver.cluster - Updating cluster description to  {type=STANDALONE, servers=[{address=localhost:27017, type=STANDALONE, roundTripTime=2.4 ms, state=CONNECTED}]
19:00:56.791 [cluster-ClusterId{value='66f2c618cd420662ec667a33', description='null'}-localhost:27017] DEBUG org.mongodb.driver.cluster - Checking status of localhost:27017
19:00:56.795 [main] INFO org.mongodb.driver.connection - Opened connection [connectionId{localValue:12, serverValue:213}] to localhost:27017
19:00:56.795 [main] DEBUG org.mongodb.driver.operation - retryWrites set to true but the server is a standalone server.
19:00:56.796 [main] DEBUG org.mongodb.driver.protocol.command - Sending command '{"insert": "restaurants", "ordered": true, "$db": "RestaurantReservationSystem", "lsid": {"id": {"$binary": {"base64": "UMWBaz2wQo2LIvRB6a4NzQ==", "subType": "04"}}}, "documents": [{"_id": "R1", "name": "The Grill", "address": "123 Main St", "capacity": 100, "open_time": "11:00", "close_time": "23:00"}]}' with request id 27 to database RestaurantReservationSystem on connection [connectionId{localValue:12, serverValue:213}] to server localhost:27017
19:00:56.797 [main] DEBUG org.mongodb.driver.protocol.command - Execution of command with request id 27 completed successfully in 1.96 ms on connection [connectionId{localValue:12, serverValue:213}] to server localhost:27017
19:00:56.798 [main] DEBUG org.mongodb.driver.operation - retryWrites set to true but the server is a standalone server.
19:00:56.799 [main] DEBUG org.mongodb.driver.protocol.command - Sending command '{"delete": "restaurants", "ordered": true, "$db": "RestaurantReservationSystem", "lsid": {"id": {"$binary": {"base64": "UMWBaz2wQo2LIvRB6a4NzQ==", "subType": "04"}}}, "deletes": [{"q": {"_id": "R1"}, "limit": 1}]}' with request id 28 to database RestaurantReservationSystem on connection [connectionId{localValue:12, serverValue:213}] to server localhost:27017
19:00:56.801 [main] DEBUG org.mongodb.driver.protocol.command - Execution of command with request id 28 completed successfully in 1.73 ms on connection [connectionId{localValue:12, serverValue:213}] to server localhost:27017
19:00:56.802 [main] DEBUG org.mongodb.driver.operation - retryWrites set to true but the server is a standalone server.
19:00:56.803 [main] DEBUG org.mongodb.driver.protocol.command - Sending command '{"delete": "restaurants", "ordered": true, "$db": "RestaurantReservationSystem", "lsid": {"id": {"$binary": {"base64": "UMWBaz2wQo2LIvRB6a4NzQ==", "subType": "04"}}}, "deletes": [{"q": {}, "limit": 0}]}' with request id 29 to database RestaurantReservationSystem on connection [connectionId{localValue:12, serverValue:213}] to server localhost:27017
19:00:56.805 [main] DEBUG org.mongodb.driver.protocol.command - Execution of command with request id 29 completed successfully in 1.84 ms on connection [connectionId{localValue:12, serverValue:213}] to server localhost:27017
]]></system-out>
  </testcase>
  <testcase name="testValidateParametersInvalidCapacity" classname="com.JavaProj.RestaurantManagerImplTest" time="0.014">
    <system-out><![CDATA[19:00:56.808 [main] INFO org.mongodb.driver.cluster - Cluster created with settings {hosts=[localhost:27017], mode=SINGLE, requiredClusterType=UNKNOWN, serverSelectionTimeout='30000 ms'}
19:00:56.809 [main] DEBUG org.mongodb.driver.cluster - Updating cluster description to  {type=UNKNOWN, servers=[{address=localhost:27017, type=UNKNOWN, state=CONNECTING}]
19:00:56.812 [main] INFO org.mongodb.driver.cluster - Cluster description not yet available. Waiting for 30000 ms before timing out
19:00:56.813 [cluster-ClusterId{value='66f2c618cd420662ec667a34', description='null'}-localhost:27017] INFO org.mongodb.driver.connection - Opened connection [connectionId{localValue:13, serverValue:214}] to localhost:27017
19:00:56.813 [cluster-rtt-ClusterId{value='66f2c618cd420662ec667a34', description='null'}-localhost:27017] INFO org.mongodb.driver.connection - Opened connection [connectionId{localValue:14, serverValue:215}] to localhost:27017
19:00:56.813 [cluster-ClusterId{value='66f2c618cd420662ec667a34', description='null'}-localhost:27017] INFO org.mongodb.driver.cluster - Monitor thread successfully connected to server with description ServerDescription{address=localhost:27017, type=STANDALONE, state=CONNECTED, ok=true, minWireVersion=0, maxWireVersion=21, maxDocumentSize=16777216, logicalSessionTimeoutMinutes=30, roundTripTimeNanos=2361000}
19:00:56.813 [cluster-ClusterId{value='66f2c618cd420662ec667a34', description='null'}-localhost:27017] DEBUG org.mongodb.driver.cluster - Updating cluster description to  {type=STANDALONE, servers=[{address=localhost:27017, type=STANDALONE, roundTripTime=2.4 ms, state=CONNECTED}]
19:00:56.814 [cluster-ClusterId{value='66f2c618cd420662ec667a34', description='null'}-localhost:27017] DEBUG org.mongodb.driver.cluster - Checking status of localhost:27017
19:00:56.818 [main] INFO org.mongodb.driver.connection - Opened connection [connectionId{localValue:15, serverValue:216}] to localhost:27017
19:00:56.819 [main] DEBUG org.mongodb.driver.operation - retryWrites set to true but the server is a standalone server.
19:00:56.819 [main] DEBUG org.mongodb.driver.protocol.command - Sending command '{"delete": "restaurants", "ordered": true, "$db": "RestaurantReservationSystem", "lsid": {"id": {"$binary": {"base64": "FcxhGGJtR7KuAiV2EToA1A==", "subType": "04"}}}, "deletes": [{"q": {}, "limit": 0}]}' with request id 34 to database RestaurantReservationSystem on connection [connectionId{localValue:15, serverValue:216}] to server localhost:27017
19:00:56.821 [main] DEBUG org.mongodb.driver.protocol.command - Execution of command with request id 34 completed successfully in 1.25 ms on connection [connectionId{localValue:15, serverValue:216}] to server localhost:27017
]]></system-out>
  </testcase>
  <testcase name="testAddRestaurantValidInputs" classname="com.JavaProj.RestaurantManagerImplTest" time="0.016">
    <system-out><![CDATA[19:00:56.823 [main] INFO org.mongodb.driver.cluster - Cluster created with settings {hosts=[localhost:27017], mode=SINGLE, requiredClusterType=UNKNOWN, serverSelectionTimeout='30000 ms'}
19:00:56.824 [main] DEBUG org.mongodb.driver.cluster - Updating cluster description to  {type=UNKNOWN, servers=[{address=localhost:27017, type=UNKNOWN, state=CONNECTING}]
19:00:56.824 [main] INFO org.mongodb.driver.cluster - Cluster description not yet available. Waiting for 30000 ms before timing out
19:00:56.828 [cluster-rtt-ClusterId{value='66f2c618cd420662ec667a35', description='null'}-localhost:27017] INFO org.mongodb.driver.connection - Opened connection [connectionId{localValue:16, serverValue:217}] to localhost:27017
19:00:56.828 [cluster-ClusterId{value='66f2c618cd420662ec667a35', description='null'}-localhost:27017] INFO org.mongodb.driver.connection - Opened connection [connectionId{localValue:17, serverValue:218}] to localhost:27017
19:00:56.828 [cluster-ClusterId{value='66f2c618cd420662ec667a35', description='null'}-localhost:27017] INFO org.mongodb.driver.cluster - Monitor thread successfully connected to server with description ServerDescription{address=localhost:27017, type=STANDALONE, state=CONNECTED, ok=true, minWireVersion=0, maxWireVersion=21, maxDocumentSize=16777216, logicalSessionTimeoutMinutes=30, roundTripTimeNanos=2360300}
19:00:56.828 [cluster-ClusterId{value='66f2c618cd420662ec667a35', description='null'}-localhost:27017] DEBUG org.mongodb.driver.cluster - Updating cluster description to  {type=STANDALONE, servers=[{address=localhost:27017, type=STANDALONE, roundTripTime=2.4 ms, state=CONNECTED}]
19:00:56.829 [cluster-ClusterId{value='66f2c618cd420662ec667a35', description='null'}-localhost:27017] DEBUG org.mongodb.driver.cluster - Checking status of localhost:27017
19:00:56.832 [main] INFO org.mongodb.driver.connection - Opened connection [connectionId{localValue:18, serverValue:219}] to localhost:27017
19:00:56.832 [main] DEBUG org.mongodb.driver.operation - retryWrites set to true but the server is a standalone server.
19:00:56.833 [main] DEBUG org.mongodb.driver.protocol.command - Sending command '{"insert": "restaurants", "ordered": true, "$db": "RestaurantReservationSystem", "lsid": {"id": {"$binary": {"base64": "wtDwTbB9QJSIOxkLuid7Zw==", "subType": "04"}}}, "documents": [{"_id": "R1", "name": "Sunset Diner", "address": "789 Oak St", "capacity": 50, "open_time": "09:00", "close_time": "17:00"}]}' with request id 39 to database RestaurantReservationSystem on connection [connectionId{localValue:18, serverValue:219}] to server localhost:27017
19:00:56.834 [main] DEBUG org.mongodb.driver.protocol.command - Execution of command with request id 39 completed successfully in 1.64 ms on connection [connectionId{localValue:18, serverValue:219}] to server localhost:27017
19:00:56.835 [main] DEBUG org.mongodb.driver.operation - retryWrites set to true but the server is a standalone server.
19:00:56.836 [main] DEBUG org.mongodb.driver.protocol.command - Sending command '{"delete": "restaurants", "ordered": true, "$db": "RestaurantReservationSystem", "lsid": {"id": {"$binary": {"base64": "wtDwTbB9QJSIOxkLuid7Zw==", "subType": "04"}}}, "deletes": [{"q": {}, "limit": 0}]}' with request id 40 to database RestaurantReservationSystem on connection [connectionId{localValue:18, serverValue:219}] to server localhost:27017
19:00:56.837 [main] DEBUG org.mongodb.driver.protocol.command - Execution of command with request id 40 completed successfully in 1.68 ms on connection [connectionId{localValue:18, serverValue:219}] to server localhost:27017
]]></system-out>
  </testcase>
  <testcase name="testAddRestaurant" classname="com.JavaProj.RestaurantManagerImplTest" time="0.015">
    <system-out><![CDATA[19:00:56.840 [main] INFO org.mongodb.driver.cluster - Cluster created with settings {hosts=[localhost:27017], mode=SINGLE, requiredClusterType=UNKNOWN, serverSelectionTimeout='30000 ms'}
19:00:56.840 [main] DEBUG org.mongodb.driver.cluster - Updating cluster description to  {type=UNKNOWN, servers=[{address=localhost:27017, type=UNKNOWN, state=CONNECTING}]
19:00:56.841 [main] INFO org.mongodb.driver.cluster - Cluster description not yet available. Waiting for 30000 ms before timing out
19:00:56.843 [cluster-rtt-ClusterId{value='66f2c618cd420662ec667a36', description='null'}-localhost:27017] INFO org.mongodb.driver.connection - Opened connection [connectionId{localValue:20, serverValue:220}] to localhost:27017
19:00:56.843 [cluster-ClusterId{value='66f2c618cd420662ec667a36', description='null'}-localhost:27017] INFO org.mongodb.driver.connection - Opened connection [connectionId{localValue:19, serverValue:221}] to localhost:27017
19:00:56.844 [cluster-ClusterId{value='66f2c618cd420662ec667a36', description='null'}-localhost:27017] INFO org.mongodb.driver.cluster - Monitor thread successfully connected to server with description ServerDescription{address=localhost:27017, type=STANDALONE, state=CONNECTED, ok=true, minWireVersion=0, maxWireVersion=21, maxDocumentSize=16777216, logicalSessionTimeoutMinutes=30, roundTripTimeNanos=1981800}
19:00:56.844 [cluster-ClusterId{value='66f2c618cd420662ec667a36', description='null'}-localhost:27017] DEBUG org.mongodb.driver.cluster - Updating cluster description to  {type=STANDALONE, servers=[{address=localhost:27017, type=STANDALONE, roundTripTime=2.0 ms, state=CONNECTED}]
19:00:56.844 [cluster-ClusterId{value='66f2c618cd420662ec667a36', description='null'}-localhost:27017] DEBUG org.mongodb.driver.cluster - Checking status of localhost:27017
19:00:56.848 [main] INFO org.mongodb.driver.connection - Opened connection [connectionId{localValue:21, serverValue:222}] to localhost:27017
19:00:56.848 [main] DEBUG org.mongodb.driver.operation - retryWrites set to true but the server is a standalone server.
19:00:56.849 [main] DEBUG org.mongodb.driver.protocol.command - Sending command '{"insert": "restaurants", "ordered": true, "$db": "RestaurantReservationSystem", "lsid": {"id": {"$binary": {"base64": "2PpSVKRQRUWwyuDW0np6TQ==", "subType": "04"}}}, "documents": [{"_id": "R1", "name": "The Grill", "address": "123 Main St", "capacity": 100, "open_time": "11:00", "close_time": "23:00"}]}' with request id 45 to database RestaurantReservationSystem on connection [connectionId{localValue:21, serverValue:222}] to server localhost:27017
19:00:56.851 [main] DEBUG org.mongodb.driver.protocol.command - Execution of command with request id 45 completed successfully in 1.95 ms on connection [connectionId{localValue:21, serverValue:222}] to server localhost:27017
19:00:56.852 [main] DEBUG org.mongodb.driver.operation - retryWrites set to true but the server is a standalone server.
19:00:56.853 [main] DEBUG org.mongodb.driver.protocol.command - Sending command '{"delete": "restaurants", "ordered": true, "$db": "RestaurantReservationSystem", "lsid": {"id": {"$binary": {"base64": "2PpSVKRQRUWwyuDW0np6TQ==", "subType": "04"}}}, "deletes": [{"q": {}, "limit": 0}]}' with request id 46 to database RestaurantReservationSystem on connection [connectionId{localValue:21, serverValue:222}] to server localhost:27017
19:00:56.854 [main] DEBUG org.mongodb.driver.protocol.command - Execution of command with request id 46 completed successfully in 1.65 ms on connection [connectionId{localValue:21, serverValue:222}] to server localhost:27017
]]></system-out>
  </testcase>
  <testcase name="testValidateParametersInvalidClosureDate" classname="com.JavaProj.RestaurantManagerImplTest" time="0.02">
    <system-out><![CDATA[19:00:56.858 [main] INFO org.mongodb.driver.cluster - Cluster created with settings {hosts=[localhost:27017], mode=SINGLE, requiredClusterType=UNKNOWN, serverSelectionTimeout='30000 ms'}
19:00:56.859 [main] DEBUG org.mongodb.driver.cluster - Updating cluster description to  {type=UNKNOWN, servers=[{address=localhost:27017, type=UNKNOWN, state=CONNECTING}]
19:00:56.860 [main] INFO org.mongodb.driver.cluster - Cluster description not yet available. Waiting for 30000 ms before timing out
19:00:56.867 [cluster-rtt-ClusterId{value='66f2c618cd420662ec667a37', description='null'}-localhost:27017] INFO org.mongodb.driver.connection - Opened connection [connectionId{localValue:22, serverValue:223}] to localhost:27017
19:00:56.867 [cluster-ClusterId{value='66f2c618cd420662ec667a37', description='null'}-localhost:27017] INFO org.mongodb.driver.connection - Opened connection [connectionId{localValue:23, serverValue:224}] to localhost:27017
19:00:56.867 [cluster-ClusterId{value='66f2c618cd420662ec667a37', description='null'}-localhost:27017] INFO org.mongodb.driver.cluster - Monitor thread successfully connected to server with description ServerDescription{address=localhost:27017, type=STANDALONE, state=CONNECTED, ok=true, minWireVersion=0, maxWireVersion=21, maxDocumentSize=16777216, logicalSessionTimeoutMinutes=30, roundTripTimeNanos=2167900}
19:00:56.868 [cluster-ClusterId{value='66f2c618cd420662ec667a37', description='null'}-localhost:27017] DEBUG org.mongodb.driver.cluster - Updating cluster description to  {type=STANDALONE, servers=[{address=localhost:27017, type=STANDALONE, roundTripTime=2.2 ms, state=CONNECTED}]
19:00:56.868 [cluster-ClusterId{value='66f2c618cd420662ec667a37', description='null'}-localhost:27017] DEBUG org.mongodb.driver.cluster - Checking status of localhost:27017
19:00:56.872 [main] INFO org.mongodb.driver.connection - Opened connection [connectionId{localValue:24, serverValue:225}] to localhost:27017
19:00:56.872 [main] DEBUG org.mongodb.driver.operation - retryWrites set to true but the server is a standalone server.
19:00:56.873 [main] DEBUG org.mongodb.driver.protocol.command - Sending command '{"delete": "restaurants", "ordered": true, "$db": "RestaurantReservationSystem", "lsid": {"id": {"$binary": {"base64": "Q10QX6ESRJuKpR1tfC6cfw==", "subType": "04"}}}, "deletes": [{"q": {}, "limit": 0}]}' with request id 51 to database RestaurantReservationSystem on connection [connectionId{localValue:24, serverValue:225}] to server localhost:27017
19:00:56.875 [main] DEBUG org.mongodb.driver.protocol.command - Execution of command with request id 51 completed successfully in 1.72 ms on connection [connectionId{localValue:24, serverValue:225}] to server localhost:27017
]]></system-out>
  </testcase>
  <testcase name="testModifyRestaurant" classname="com.JavaProj.RestaurantManagerImplTest" time="0.029">
    <system-out><![CDATA[19:00:56.877 [main] INFO org.mongodb.driver.cluster - Cluster created with settings {hosts=[localhost:27017], mode=SINGLE, requiredClusterType=UNKNOWN, serverSelectionTimeout='30000 ms'}
19:00:56.878 [main] DEBUG org.mongodb.driver.cluster - Updating cluster description to  {type=UNKNOWN, servers=[{address=localhost:27017, type=UNKNOWN, state=CONNECTING}]
19:00:56.879 [main] INFO org.mongodb.driver.cluster - Cluster description not yet available. Waiting for 30000 ms before timing out
19:00:56.884 [cluster-rtt-ClusterId{value='66f2c618cd420662ec667a38', description='null'}-localhost:27017] INFO org.mongodb.driver.connection - Opened connection [connectionId{localValue:26, serverValue:226}] to localhost:27017
19:00:56.884 [cluster-ClusterId{value='66f2c618cd420662ec667a38', description='null'}-localhost:27017] INFO org.mongodb.driver.connection - Opened connection [connectionId{localValue:25, serverValue:227}] to localhost:27017
19:00:56.885 [cluster-ClusterId{value='66f2c618cd420662ec667a38', description='null'}-localhost:27017] INFO org.mongodb.driver.cluster - Monitor thread successfully connected to server with description ServerDescription{address=localhost:27017, type=STANDALONE, state=CONNECTED, ok=true, minWireVersion=0, maxWireVersion=21, maxDocumentSize=16777216, logicalSessionTimeoutMinutes=30, roundTripTimeNanos=4307900}
19:00:56.885 [cluster-ClusterId{value='66f2c618cd420662ec667a38', description='null'}-localhost:27017] DEBUG org.mongodb.driver.cluster - Updating cluster description to  {type=STANDALONE, servers=[{address=localhost:27017, type=STANDALONE, roundTripTime=4.3 ms, state=CONNECTED}]
19:00:56.885 [cluster-ClusterId{value='66f2c618cd420662ec667a38', description='null'}-localhost:27017] DEBUG org.mongodb.driver.cluster - Checking status of localhost:27017
19:00:56.892 [main] INFO org.mongodb.driver.connection - Opened connection [connectionId{localValue:27, serverValue:228}] to localhost:27017
19:00:56.892 [main] DEBUG org.mongodb.driver.operation - retryWrites set to true but the server is a standalone server.
19:00:56.894 [main] DEBUG org.mongodb.driver.protocol.command - Sending command '{"insert": "restaurants", "ordered": true, "$db": "RestaurantReservationSystem", "lsid": {"id": {"$binary": {"base64": "ZQifxflqRLmbmD6bXA9XMw==", "subType": "04"}}}, "documents": [{"_id": "R1", "name": "The Grill", "address": "123 Main St", "capacity": 100, "open_time": "11:00", "close_time": "23:00"}]}' with request id 56 to database RestaurantReservationSystem on connection [connectionId{localValue:27, serverValue:228}] to server localhost:27017
19:00:56.895 [main] DEBUG org.mongodb.driver.protocol.command - Execution of command with request id 56 completed successfully in 1.89 ms on connection [connectionId{localValue:27, serverValue:228}] to server localhost:27017
19:00:56.895 [main] DEBUG org.mongodb.driver.operation - retryWrites set to true but the server is a standalone server.
19:00:56.896 [main] DEBUG org.mongodb.driver.protocol.command - Sending command '{"delete": "restaurants", "ordered": true, "$db": "RestaurantReservationSystem", "lsid": {"id": {"$binary": {"base64": "ZQifxflqRLmbmD6bXA9XMw==", "subType": "04"}}}, "deletes": [{"q": {"_id": "R1"}, "limit": 1}]}' with request id 57 to database RestaurantReservationSystem on connection [connectionId{localValue:27, serverValue:228}] to server localhost:27017
19:00:56.897 [main] DEBUG org.mongodb.driver.protocol.command - Execution of command with request id 57 completed successfully in 1.60 ms on connection [connectionId{localValue:27, serverValue:228}] to server localhost:27017
19:00:56.898 [main] DEBUG org.mongodb.driver.operation - retryWrites set to true but the server is a standalone server.
19:00:56.900 [main] DEBUG org.mongodb.driver.protocol.command - Sending command '{"insert": "restaurants", "ordered": true, "$db": "RestaurantReservationSystem", "lsid": {"id": {"$binary": {"base64": "ZQifxflqRLmbmD6bXA9XMw==", "subType": "04"}}}, "documents": [{"_id": "R1", "name": "The New Grill", "address": "456 Elm St", "capacity": 150, "open_time": "10:00", "close_time": "22:00"}]}' with request id 58 to database RestaurantReservationSystem on connection [connectionId{localValue:27, serverValue:228}] to server localhost:27017
19:00:56.901 [main] DEBUG org.mongodb.driver.protocol.command - Execution of command with request id 58 completed successfully in 1.49 ms on connection [connectionId{localValue:27, serverValue:228}] to server localhost:27017
19:00:56.901 [main] DEBUG org.mongodb.driver.operation - retryWrites set to true but the server is a standalone server.
19:00:56.902 [main] DEBUG org.mongodb.driver.protocol.command - Sending command '{"delete": "restaurants", "ordered": true, "$db": "RestaurantReservationSystem", "lsid": {"id": {"$binary": {"base64": "ZQifxflqRLmbmD6bXA9XMw==", "subType": "04"}}}, "deletes": [{"q": {}, "limit": 0}]}' with request id 59 to database RestaurantReservationSystem on connection [connectionId{localValue:27, serverValue:228}] to server localhost:27017
19:00:56.903 [main] DEBUG org.mongodb.driver.protocol.command - Execution of command with request id 59 completed successfully in 2.23 ms on connection [connectionId{localValue:27, serverValue:228}] to server localhost:27017
]]></system-out>
  </testcase>
  <testcase name="testValidateParametersInvalidOpenCloseTimes" classname="com.JavaProj.RestaurantManagerImplTest" time="0.013">
    <system-out><![CDATA[19:00:56.907 [main] INFO org.mongodb.driver.cluster - Cluster created with settings {hosts=[localhost:27017], mode=SINGLE, requiredClusterType=UNKNOWN, serverSelectionTimeout='30000 ms'}
19:00:56.908 [main] DEBUG org.mongodb.driver.cluster - Updating cluster description to  {type=UNKNOWN, servers=[{address=localhost:27017, type=UNKNOWN, state=CONNECTING}]
19:00:56.910 [main] INFO org.mongodb.driver.cluster - Cluster description not yet available. Waiting for 30000 ms before timing out
19:00:56.912 [cluster-rtt-ClusterId{value='66f2c618cd420662ec667a39', description='null'}-localhost:27017] INFO org.mongodb.driver.connection - Opened connection [connectionId{localValue:29, serverValue:229}] to localhost:27017
19:00:56.912 [cluster-ClusterId{value='66f2c618cd420662ec667a39', description='null'}-localhost:27017] INFO org.mongodb.driver.connection - Opened connection [connectionId{localValue:28, serverValue:230}] to localhost:27017
19:00:56.912 [cluster-ClusterId{value='66f2c618cd420662ec667a39', description='null'}-localhost:27017] INFO org.mongodb.driver.cluster - Monitor thread successfully connected to server with description ServerDescription{address=localhost:27017, type=STANDALONE, state=CONNECTED, ok=true, minWireVersion=0, maxWireVersion=21, maxDocumentSize=16777216, logicalSessionTimeoutMinutes=30, roundTripTimeNanos=2563300}
19:00:56.913 [cluster-ClusterId{value='66f2c618cd420662ec667a39', description='null'}-localhost:27017] DEBUG org.mongodb.driver.cluster - Updating cluster description to  {type=STANDALONE, servers=[{address=localhost:27017, type=STANDALONE, roundTripTime=2.6 ms, state=CONNECTED}]
19:00:56.913 [cluster-ClusterId{value='66f2c618cd420662ec667a39', description='null'}-localhost:27017] DEBUG org.mongodb.driver.cluster - Checking status of localhost:27017
19:00:56.916 [main] INFO org.mongodb.driver.connection - Opened connection [connectionId{localValue:30, serverValue:231}] to localhost:27017
19:00:56.916 [main] DEBUG org.mongodb.driver.operation - retryWrites set to true but the server is a standalone server.
19:00:56.917 [main] DEBUG org.mongodb.driver.protocol.command - Sending command '{"delete": "restaurants", "ordered": true, "$db": "RestaurantReservationSystem", "lsid": {"id": {"$binary": {"base64": "h1Aj5PQ2Q2aZ6UxKlKbmFg==", "subType": "04"}}}, "deletes": [{"q": {}, "limit": 0}]}' with request id 64 to database RestaurantReservationSystem on connection [connectionId{localValue:30, serverValue:231}] to server localhost:27017
19:00:56.919 [main] DEBUG org.mongodb.driver.protocol.command - Execution of command with request id 64 completed successfully in 1.60 ms on connection [connectionId{localValue:30, serverValue:231}] to server localhost:27017
]]></system-out>
  </testcase>
</testsuite>