<?xml version="1.0" encoding="UTF-8"?>
<testsuite xmlns:xsi="http://www.w3.org/2001/XMLSchema-instance" xsi:noNamespaceSchemaLocation="https://maven.apache.org/surefire/maven-surefire-plugin/xsd/surefire-test-report-3.0.xsd" version="3.0" name="com.JavaProj.ReservationSystemImplTest" time="0.393" tests="3" errors="0" skipped="0" failures="0">
  <properties>
    <property name="java.specification.version" value="22"/>
    <property name="sun.cpu.isalist" value="amd64"/>
    <property name="sun.jnu.encoding" value="Cp1252"/>
    <property name="java.class.path" value="C:\Users\smowais.ali\Java\RestaurantReservationSystem\target\test-classes;C:\Users\smowais.ali\Java\RestaurantReservationSystem\target\classes;C:\Users\smowais.ali\.m2\repository\org\junit\jupiter\junit-jupiter-api\5.9.3\junit-jupiter-api-5.9.3.jar;C:\Users\smowais.ali\.m2\repository\org\opentest4j\opentest4j\1.2.0\opentest4j-1.2.0.jar;C:\Users\smowais.ali\.m2\repository\org\junit\platform\junit-platform-commons\1.9.3\junit-platform-commons-1.9.3.jar;C:\Users\smowais.ali\.m2\repository\org\apiguardian\apiguardian-api\1.1.2\apiguardian-api-1.1.2.jar;C:\Users\smowais.ali\.m2\repository\org\junit\jupiter\junit-jupiter-engine\5.9.3\junit-jupiter-engine-5.9.3.jar;C:\Users\smowais.ali\.m2\repository\org\junit\platform\junit-platform-engine\1.9.3\junit-platform-engine-1.9.3.jar;C:\Users\smowais.ali\.m2\repository\org\mongodb\mongodb-driver-sync\4.3.4\mongodb-driver-sync-4.3.4.jar;C:\Users\smowais.ali\.m2\repository\org\mongodb\bson\4.3.4\bson-4.3.4.jar;C:\Users\smowais.ali\.m2\repository\org\mongodb\mongodb-driver-core\4.3.4\mongodb-driver-core-4.3.4.jar;C:\Users\smowais.ali\.m2\repository\org\springframework\boot\spring-boot-starter-web\2.7.3\spring-boot-starter-web-2.7.3.jar;C:\Users\smowais.ali\.m2\repository\org\springframework\boot\spring-boot-starter\2.7.3\spring-boot-starter-2.7.3.jar;C:\Users\smowais.ali\.m2\repository\org\springframework\boot\spring-boot\2.7.3\spring-boot-2.7.3.jar;C:\Users\smowais.ali\.m2\repository\org\springframework\boot\spring-boot-autoconfigure\2.7.3\spring-boot-autoconfigure-2.7.3.jar;C:\Users\smowais.ali\.m2\repository\org\springframework\boot\spring-boot-starter-logging\2.7.3\spring-boot-starter-logging-2.7.3.jar;C:\Users\smowais.ali\.m2\repository\ch\qos\logback\logback-classic\1.2.11\logback-classic-1.2.11.jar;C:\Users\smowais.ali\.m2\repository\ch\qos\logback\logback-core\1.2.11\logback-core-1.2.11.jar;C:\Users\smowais.ali\.m2\repository\org\apache\logging\log4j\log4j-to-slf4j\2.17.2\log4j-to-slf4j-2.17.2.jar;C:\Users\smowais.ali\.m2\repository\org\apache\logging\log4j\log4j-api\2.17.2\log4j-api-2.17.2.jar;C:\Users\smowais.ali\.m2\repository\org\slf4j\jul-to-slf4j\1.7.36\jul-to-slf4j-1.7.36.jar;C:\Users\smowais.ali\.m2\repository\jakarta\annotation\jakarta.annotation-api\1.3.5\jakarta.annotation-api-1.3.5.jar;C:\Users\smowais.ali\.m2\repository\org\springframework\spring-core\5.3.22\spring-core-5.3.22.jar;C:\Users\smowais.ali\.m2\repository\org\springframework\spring-jcl\5.3.22\spring-jcl-5.3.22.jar;C:\Users\smowais.ali\.m2\repository\org\yaml\snakeyaml\1.30\snakeyaml-1.30.jar;C:\Users\smowais.ali\.m2\repository\org\springframework\boot\spring-boot-starter-json\2.7.3\spring-boot-starter-json-2.7.3.jar;C:\Users\smowais.ali\.m2\repository\com\fasterxml\jackson\datatype\jackson-datatype-jdk8\2.13.3\jackson-datatype-jdk8-2.13.3.jar;C:\Users\smowais.ali\.m2\repository\com\fasterxml\jackson\datatype\jackson-datatype-jsr310\2.13.3\jackson-datatype-jsr310-2.13.3.jar;C:\Users\smowais.ali\.m2\repository\com\fasterxml\jackson\module\jackson-module-parameter-names\2.13.3\jackson-module-parameter-names-2.13.3.jar;C:\Users\smowais.ali\.m2\repository\org\springframework\boot\spring-boot-starter-tomcat\2.7.3\spring-boot-starter-tomcat-2.7.3.jar;C:\Users\smowais.ali\.m2\repository\org\apache\tomcat\embed\tomcat-embed-core\9.0.65\tomcat-embed-core-9.0.65.jar;C:\Users\smowais.ali\.m2\repository\org\apache\tomcat\embed\tomcat-embed-el\9.0.65\tomcat-embed-el-9.0.65.jar;C:\Users\smowais.ali\.m2\repository\org\apache\tomcat\embed\tomcat-embed-websocket\9.0.65\tomcat-embed-websocket-9.0.65.jar;C:\Users\smowais.ali\.m2\repository\org\springframework\spring-web\5.3.22\spring-web-5.3.22.jar;C:\Users\smowais.ali\.m2\repository\org\springframework\spring-beans\5.3.22\spring-beans-5.3.22.jar;C:\Users\smowais.ali\.m2\repository\org\springframework\spring-webmvc\5.3.22\spring-webmvc-5.3.22.jar;C:\Users\smowais.ali\.m2\repository\org\springframework\spring-aop\5.3.22\spring-aop-5.3.22.jar;C:\Users\smowais.ali\.m2\repository\org\springframework\spring-context\5.3.22\spring-context-5.3.22.jar;C:\Users\smowais.ali\.m2\repository\org\springframework\spring-expression\5.3.22\spring-expression-5.3.22.jar;C:\Users\smowais.ali\.m2\repository\org\springframework\boot\spring-boot-starter-data-mongodb\2.7.3\spring-boot-starter-data-mongodb-2.7.3.jar;C:\Users\smowais.ali\.m2\repository\org\springframework\data\spring-data-mongodb\3.4.2\spring-data-mongodb-3.4.2.jar;C:\Users\smowais.ali\.m2\repository\org\springframework\spring-tx\5.3.22\spring-tx-5.3.22.jar;C:\Users\smowais.ali\.m2\repository\org\springframework\data\spring-data-commons\2.7.2\spring-data-commons-2.7.2.jar;C:\Users\smowais.ali\.m2\repository\org\slf4j\slf4j-api\1.7.32\slf4j-api-1.7.32.jar;C:\Users\smowais.ali\.m2\repository\org\mockito\mockito-core\5.3.1\mockito-core-5.3.1.jar;C:\Users\smowais.ali\.m2\repository\net\bytebuddy\byte-buddy\1.14.4\byte-buddy-1.14.4.jar;C:\Users\smowais.ali\.m2\repository\net\bytebuddy\byte-buddy-agent\1.14.4\byte-buddy-agent-1.14.4.jar;C:\Users\smowais.ali\.m2\repository\org\objenesis\objenesis\3.3\objenesis-3.3.jar;C:\Users\smowais.ali\.m2\repository\org\mockito\mockito-inline\5.0.0\mockito-inline-5.0.0.jar;C:\Users\smowais.ali\.m2\repository\com\fasterxml\jackson\core\jackson-databind\2.15.0\jackson-databind-2.15.0.jar;C:\Users\smowais.ali\.m2\repository\com\fasterxml\jackson\core\jackson-annotations\2.15.0\jackson-annotations-2.15.0.jar;C:\Users\smowais.ali\.m2\repository\com\fasterxml\jackson\core\jackson-core\2.15.0\jackson-core-2.15.0.jar;C:\Users\smowais.ali\.m2\repository\com\google\code\gson\gson\2.8.8\gson-2.8.8.jar;"/>
    <property name="java.vm.vendor" value="Eclipse Adoptium"/>
    <property name="sun.arch.data.model" value="64"/>
    <property name="user.variant" value=""/>
    <property name="java.vendor.url" value="https://adoptium.net/"/>
    <property name="user.timezone" value="Asia/Karachi"/>
    <property name="os.name" value="Windows 11"/>
    <property name="java.vm.specification.version" value="22"/>
    <property name="sun.java.launcher" value="SUN_STANDARD"/>
    <property name="user.country" value="US"/>
    <property name="sun.boot.library.path" value="C:\Program Files\Eclipse Adoptium\jdk-22.0.0.36-hotspot\bin"/>
    <property name="sun.java.command" value="C:\Users\smowais.ali\AppData\Local\Temp\surefire11437827825717140439\surefirebooter-20240924190055628_3.jar C:\Users\smowais.ali\AppData\Local\Temp\surefire11437827825717140439 2024-09-24T19-00-55_476-jvmRun1 surefire-20240924190055628_1tmp surefire_0-20240924190055628_2tmp"/>
    <property name="jdk.debug" value="release"/>
    <property name="surefire.test.class.path" value="C:\Users\smowais.ali\Java\RestaurantReservationSystem\target\test-classes;C:\Users\smowais.ali\Java\RestaurantReservationSystem\target\classes;C:\Users\smowais.ali\.m2\repository\org\junit\jupiter\junit-jupiter-api\5.9.3\junit-jupiter-api-5.9.3.jar;C:\Users\smowais.ali\.m2\repository\org\opentest4j\opentest4j\1.2.0\opentest4j-1.2.0.jar;C:\Users\smowais.ali\.m2\repository\org\junit\platform\junit-platform-commons\1.9.3\junit-platform-commons-1.9.3.jar;C:\Users\smowais.ali\.m2\repository\org\apiguardian\apiguardian-api\1.1.2\apiguardian-api-1.1.2.jar;C:\Users\smowais.ali\.m2\repository\org\junit\jupiter\junit-jupiter-engine\5.9.3\junit-jupiter-engine-5.9.3.jar;C:\Users\smowais.ali\.m2\repository\org\junit\platform\junit-platform-engine\1.9.3\junit-platform-engine-1.9.3.jar;C:\Users\smowais.ali\.m2\repository\org\mongodb\mongodb-driver-sync\4.3.4\mongodb-driver-sync-4.3.4.jar;C:\Users\smowais.ali\.m2\repository\org\mongodb\bson\4.3.4\bson-4.3.4.jar;C:\Users\smowais.ali\.m2\repository\org\mongodb\mongodb-driver-core\4.3.4\mongodb-driver-core-4.3.4.jar;C:\Users\smowais.ali\.m2\repository\org\springframework\boot\spring-boot-starter-web\2.7.3\spring-boot-starter-web-2.7.3.jar;C:\Users\smowais.ali\.m2\repository\org\springframework\boot\spring-boot-starter\2.7.3\spring-boot-starter-2.7.3.jar;C:\Users\smowais.ali\.m2\repository\org\springframework\boot\spring-boot\2.7.3\spring-boot-2.7.3.jar;C:\Users\smowais.ali\.m2\repository\org\springframework\boot\spring-boot-autoconfigure\2.7.3\spring-boot-autoconfigure-2.7.3.jar;C:\Users\smowais.ali\.m2\repository\org\springframework\boot\spring-boot-starter-logging\2.7.3\spring-boot-starter-logging-2.7.3.jar;C:\Users\smowais.ali\.m2\repository\ch\qos\logback\logback-classic\1.2.11\logback-classic-1.2.11.jar;C:\Users\smowais.ali\.m2\repository\ch\qos\logback\logback-core\1.2.11\logback-core-1.2.11.jar;C:\Users\smowais.ali\.m2\repository\org\apache\logging\log4j\log4j-to-slf4j\2.17.2\log4j-to-slf4j-2.17.2.jar;C:\Users\smowais.ali\.m2\repository\org\apache\logging\log4j\log4j-api\2.17.2\log4j-api-2.17.2.jar;C:\Users\smowais.ali\.m2\repository\org\slf4j\jul-to-slf4j\1.7.36\jul-to-slf4j-1.7.36.jar;C:\Users\smowais.ali\.m2\repository\jakarta\annotation\jakarta.annotation-api\1.3.5\jakarta.annotation-api-1.3.5.jar;C:\Users\smowais.ali\.m2\repository\org\springframework\spring-core\5.3.22\spring-core-5.3.22.jar;C:\Users\smowais.ali\.m2\repository\org\springframework\spring-jcl\5.3.22\spring-jcl-5.3.22.jar;C:\Users\smowais.ali\.m2\repository\org\yaml\snakeyaml\1.30\snakeyaml-1.30.jar;C:\Users\smowais.ali\.m2\repository\org\springframework\boot\spring-boot-starter-json\2.7.3\spring-boot-starter-json-2.7.3.jar;C:\Users\smowais.ali\.m2\repository\com\fasterxml\jackson\datatype\jackson-datatype-jdk8\2.13.3\jackson-datatype-jdk8-2.13.3.jar;C:\Users\smowais.ali\.m2\repository\com\fasterxml\jackson\datatype\jackson-datatype-jsr310\2.13.3\jackson-datatype-jsr310-2.13.3.jar;C:\Users\smowais.ali\.m2\repository\com\fasterxml\jackson\module\jackson-module-parameter-names\2.13.3\jackson-module-parameter-names-2.13.3.jar;C:\Users\smowais.ali\.m2\repository\org\springframework\boot\spring-boot-starter-tomcat\2.7.3\spring-boot-starter-tomcat-2.7.3.jar;C:\Users\smowais.ali\.m2\repository\org\apache\tomcat\embed\tomcat-embed-core\9.0.65\tomcat-embed-core-9.0.65.jar;C:\Users\smowais.ali\.m2\repository\org\apache\tomcat\embed\tomcat-embed-el\9.0.65\tomcat-embed-el-9.0.65.jar;C:\Users\smowais.ali\.m2\repository\org\apache\tomcat\embed\tomcat-embed-websocket\9.0.65\tomcat-embed-websocket-9.0.65.jar;C:\Users\smowais.ali\.m2\repository\org\springframework\spring-web\5.3.22\spring-web-5.3.22.jar;C:\Users\smowais.ali\.m2\repository\org\springframework\spring-beans\5.3.22\spring-beans-5.3.22.jar;C:\Users\smowais.ali\.m2\repository\org\springframework\spring-webmvc\5.3.22\spring-webmvc-5.3.22.jar;C:\Users\smowais.ali\.m2\repository\org\springframework\spring-aop\5.3.22\spring-aop-5.3.22.jar;C:\Users\smowais.ali\.m2\repository\org\springframework\spring-context\5.3.22\spring-context-5.3.22.jar;C:\Users\smowais.ali\.m2\repository\org\springframework\spring-expression\5.3.22\spring-expression-5.3.22.jar;C:\Users\smowais.ali\.m2\repository\org\springframework\boot\spring-boot-starter-data-mongodb\2.7.3\spring-boot-starter-data-mongodb-2.7.3.jar;C:\Users\smowais.ali\.m2\repository\org\springframework\data\spring-data-mongodb\3.4.2\spring-data-mongodb-3.4.2.jar;C:\Users\smowais.ali\.m2\repository\org\springframework\spring-tx\5.3.22\spring-tx-5.3.22.jar;C:\Users\smowais.ali\.m2\repository\org\springframework\data\spring-data-commons\2.7.2\spring-data-commons-2.7.2.jar;C:\Users\smowais.ali\.m2\repository\org\slf4j\slf4j-api\1.7.32\slf4j-api-1.7.32.jar;C:\Users\smowais.ali\.m2\repository\org\mockito\mockito-core\5.3.1\mockito-core-5.3.1.jar;C:\Users\smowais.ali\.m2\repository\net\bytebuddy\byte-buddy\1.14.4\byte-buddy-1.14.4.jar;C:\Users\smowais.ali\.m2\repository\net\bytebuddy\byte-buddy-agent\1.14.4\byte-buddy-agent-1.14.4.jar;C:\Users\smowais.ali\.m2\repository\org\objenesis\objenesis\3.3\objenesis-3.3.jar;C:\Users\smowais.ali\.m2\repository\org\mockito\mockito-inline\5.0.0\mockito-inline-5.0.0.jar;C:\Users\smowais.ali\.m2\repository\com\fasterxml\jackson\core\jackson-databind\2.15.0\jackson-databind-2.15.0.jar;C:\Users\smowais.ali\.m2\repository\com\fasterxml\jackson\core\jackson-annotations\2.15.0\jackson-annotations-2.15.0.jar;C:\Users\smowais.ali\.m2\repository\com\fasterxml\jackson\core\jackson-core\2.15.0\jackson-core-2.15.0.jar;C:\Users\smowais.ali\.m2\repository\com\google\code\gson\gson\2.8.8\gson-2.8.8.jar;"/>
    <property name="sun.cpu.endian" value="little"/>
    <property name="user.home" value="C:\Users\smowais.ali"/>
    <property name="user.language" value="en"/>
    <property name="java.specification.vendor" value="Oracle Corporation"/>
    <property name="java.version.date" value="2024-03-19"/>
    <property name="java.home" value="C:\Program Files\Eclipse Adoptium\jdk-22.0.0.36-hotspot"/>
    <property name="file.separator" value="\"/>
    <property name="basedir" value="C:\Users\smowais.ali\Java\RestaurantReservationSystem"/>
    <property name="java.vm.compressedOopsMode" value="Zero based"/>
    <property name="line.separator" value="&#10;"/>
    <property name="java.vm.specification.vendor" value="Oracle Corporation"/>
    <property name="java.specification.name" value="Java Platform API Specification"/>
    <property name="surefire.real.class.path" value="C:\Users\smowais.ali\AppData\Local\Temp\surefire11437827825717140439\surefirebooter-20240924190055628_3.jar"/>
    <property name="user.script" value=""/>
    <property name="sun.management.compiler" value="HotSpot 64-Bit Tiered Compilers"/>
    <property name="java.runtime.version" value="22+36"/>
    <property name="user.name" value="smowais.ali"/>
    <property name="stdout.encoding" value="Cp1252"/>
    <property name="path.separator" value=";"/>
    <property name="os.version" value="10.0"/>
    <property name="java.runtime.name" value="OpenJDK Runtime Environment"/>
    <property name="file.encoding" value="UTF-8"/>
    <property name="java.vm.name" value="OpenJDK 64-Bit Server VM"/>
    <property name="java.vendor.version" value="Temurin-22+36"/>
    <property name="localRepository" value="C:\Users\smowais.ali\.m2\repository"/>
    <property name="java.vendor.url.bug" value="https://github.com/adoptium/adoptium-support/issues"/>
    <property name="java.io.tmpdir" value="C:\Users\smowais.ali\AppData\Local\Temp\"/>
    <property name="java.version" value="22"/>
    <property name="user.dir" value="C:\Users\smowais.ali\Java\RestaurantReservationSystem"/>
    <property name="os.arch" value="amd64"/>
    <property name="java.vm.specification.name" value="Java Virtual Machine Specification"/>
    <property name="sun.os.patch.level" value=""/>
    <property name="native.encoding" value="Cp1252"/>
    <property name="java.library.path" value="C:\Program Files\Eclipse Adoptium\jdk-22.0.0.36-hotspot\bin;C:\Windows\Sun\Java\bin;C:\Windows\system32;C:\Windows;C:\Program Files\Eclipse Adoptium\jdk-22.0.0.36-hotspot\bin;C:\Program Files\Eclipse Adoptium\jdk-8.0.402.6-hotspot\bin;C:\Windows\system32;C:\Windows;C:\Windows\System32\Wbem;C:\Windows\System32\WindowsPowerShell\v1.0\;C:\Windows\System32\OpenSSH\;C:\Program Files\Go\bin;C:\Program Files\Microsoft VS Code\bin;C:\Program Files\Git\cmd;C:\Users\smowais.ali\apache-maven-3.9.9\bin;C:\Program Files\RedHat\Podman\;C:\Program Files\Microsoft SQL Server\150\Tools\Binn\;C:\Program Files\Microsoft SQL Server\Client SDK\ODBC\170\Tools\Binn\;C:\Program Files\dotnet\;C:\Program Files\Eclipse Adoptium\jdk-22.0.0.36-hotspot\bin;C:\Program Files\Eclipse Adoptium\jdk-8.0.402.6-hotspot\bin;C:\Windows\system32;C:\Windows;C:\Windows\System32\Wbem;C:\Windows\System32\WindowsPowerShell\v1.0\;C:\Windows\System32\OpenSSH\;C:\Program Files\Go\bin;C:\Program Files\Microsoft VS Code\bin;C:\Program Files\Git\cmd;C:\Users\smowais.ali\apache-maven-3.9.9\bin;C:\Program Files\RedHat\Podman\;C:\Program Files\MongoDB\Server\7.0\bin;C:\Users\smowais.ali\Downloads\mongosh-2.3.0-win32-x64\mongosh-2.3.0-win32-x64\bin;."/>
    <property name="java.vm.info" value="mixed mode, sharing"/>
    <property name="stderr.encoding" value="Cp1252"/>
    <property name="java.vendor" value="Eclipse Adoptium"/>
    <property name="java.vm.version" value="22+36"/>
    <property name="sun.io.unicode.encoding" value="UnicodeLittle"/>
    <property name="java.class.version" value="66.0"/>
  </properties>
  <testcase name="testSaveReservation" classname="com.JavaProj.ReservationSystemImplTest" time="0.332">
    <system-out><![CDATA[19:00:56.578 [main] INFO org.mongodb.driver.cluster - Cluster created with settings {hosts=[localhost:27017], mode=SINGLE, requiredClusterType=UNKNOWN, serverSelectionTimeout='30000 ms'}
19:00:56.604 [main] DEBUG org.mongodb.driver.cluster - Updating cluster description to  {type=UNKNOWN, servers=[{address=localhost:27017, type=UNKNOWN, state=CONNECTING}]
19:00:56.637 [main] INFO org.mongodb.driver.cluster - Cluster description not yet available. Waiting for 30000 ms before timing out
19:00:56.651 [cluster-rtt-ClusterId{value='66f2c618cd420662ec667a30', description='null'}-localhost:27017] INFO org.mongodb.driver.connection - Opened connection [connectionId{localValue:2, serverValue:203}] to localhost:27017
19:00:56.651 [cluster-ClusterId{value='66f2c618cd420662ec667a30', description='null'}-localhost:27017] INFO org.mongodb.driver.connection - Opened connection [connectionId{localValue:1, serverValue:202}] to localhost:27017
19:00:56.651 [cluster-ClusterId{value='66f2c618cd420662ec667a30', description='null'}-localhost:27017] INFO org.mongodb.driver.cluster - Monitor thread successfully connected to server with description ServerDescription{address=localhost:27017, type=STANDALONE, state=CONNECTED, ok=true, minWireVersion=0, maxWireVersion=21, maxDocumentSize=16777216, logicalSessionTimeoutMinutes=30, roundTripTimeNanos=19036400}
19:00:56.653 [cluster-ClusterId{value='66f2c618cd420662ec667a30', description='null'}-localhost:27017] DEBUG org.mongodb.driver.cluster - Updating cluster description to  {type=STANDALONE, servers=[{address=localhost:27017, type=STANDALONE, roundTripTime=19.0 ms, state=CONNECTED}]
19:00:56.653 [cluster-ClusterId{value='66f2c618cd420662ec667a30', description='null'}-localhost:27017] DEBUG org.mongodb.driver.cluster - Checking status of localhost:27017
19:00:56.668 [main] INFO org.mongodb.driver.connection - Opened connection [connectionId{localValue:3, serverValue:204}] to localhost:27017
19:00:56.672 [main] DEBUG org.mongodb.driver.operation - retryWrites set to true but the server is a standalone server.
19:00:56.694 [main] DEBUG org.mongodb.driver.protocol.command - Sending command '{"insert": "reservations", "ordered": true, "$db": "RestaurantReservationSystem", "lsid": {"id": {"$binary": {"base64": "UqwaWaGXQ46hlHxR/iUGuw==", "subType": "04"}}}, "documents": [{"_id": "516e1abc-84c2-4586-be25-f4a412ea1c2d", "restaurant_id": "restaurant1", "name": "John Doe", "email": "john@example.com", "phone": "1234567890", "party_size": 4, "date_time": "2024-09-24T19:00:56.627911100"}]}' with request id 5 to database RestaurantReservationSystem on connection [connectionId{localValue:3, serverValue:204}] to server localhost:27017
19:00:56.697 [main] DEBUG org.mongodb.driver.protocol.command - Execution of command with request id 5 completed successfully in 16.70 ms on connection [connectionId{localValue:3, serverValue:204}] to server localhost:27017
19:00:56.713 [main] DEBUG org.mongodb.driver.protocol.command - Sending command '{"find": "reservations", "filter": {"_id": "516e1abc-84c2-4586-be25-f4a412ea1c2d"}, "limit": 1, "singleBatch": true, "$db": "RestaurantReservationSystem", "lsid": {"id": {"$binary": {"base64": "UqwaWaGXQ46hlHxR/iUGuw==", "subType": "04"}}}}' with request id 6 to database RestaurantReservationSystem on connection [connectionId{localValue:3, serverValue:204}] to server localhost:27017
19:00:56.714 [main] DEBUG org.mongodb.driver.protocol.command - Execution of command with request id 6 completed successfully in 2.85 ms on connection [connectionId{localValue:3, serverValue:204}] to server localhost:27017
19:00:56.726 [main] DEBUG org.mongodb.driver.operation - retryWrites set to true but the server is a standalone server.
19:00:56.727 [main] DEBUG org.mongodb.driver.protocol.command - Sending command '{"delete": "reservations", "ordered": true, "$db": "RestaurantReservationSystem", "lsid": {"id": {"$binary": {"base64": "UqwaWaGXQ46hlHxR/iUGuw==", "subType": "04"}}}, "deletes": [{"q": {}, "limit": 0}]}' with request id 7 to database RestaurantReservationSystem on connection [connectionId{localValue:3, serverValue:204}] to server localhost:27017
19:00:56.728 [main] DEBUG org.mongodb.driver.protocol.command - Execution of command with request id 7 completed successfully in 1.35 ms on connection [connectionId{localValue:3, serverValue:204}] to server localhost:27017
]]></system-out>
  </testcase>
  <testcase name="testDeleteReservation" classname="com.JavaProj.ReservationSystemImplTest" time="0.019">
    <system-out><![CDATA[19:00:56.737 [main] INFO org.mongodb.driver.cluster - Cluster created with settings {hosts=[localhost:27017], mode=SINGLE, requiredClusterType=UNKNOWN, serverSelectionTimeout='30000 ms'}
19:00:56.738 [main] DEBUG org.mongodb.driver.cluster - Updating cluster description to  {type=UNKNOWN, servers=[{address=localhost:27017, type=UNKNOWN, state=CONNECTING}]
19:00:56.739 [main] INFO org.mongodb.driver.cluster - Cluster description not yet available. Waiting for 30000 ms before timing out
19:00:56.742 [cluster-rtt-ClusterId{value='66f2c618cd420662ec667a31', description='null'}-localhost:27017] INFO org.mongodb.driver.connection - Opened connection [connectionId{localValue:5, serverValue:205}] to localhost:27017
19:00:56.742 [cluster-ClusterId{value='66f2c618cd420662ec667a31', description='null'}-localhost:27017] INFO org.mongodb.driver.connection - Opened connection [connectionId{localValue:4, serverValue:206}] to localhost:27017
19:00:56.742 [cluster-ClusterId{value='66f2c618cd420662ec667a31', description='null'}-localhost:27017] INFO org.mongodb.driver.cluster - Monitor thread successfully connected to server with description ServerDescription{address=localhost:27017, type=STANDALONE, state=CONNECTED, ok=true, minWireVersion=0, maxWireVersion=21, maxDocumentSize=16777216, logicalSessionTimeoutMinutes=30, roundTripTimeNanos=2448000}
19:00:56.742 [cluster-ClusterId{value='66f2c618cd420662ec667a31', description='null'}-localhost:27017] DEBUG org.mongodb.driver.cluster - Updating cluster description to  {type=STANDALONE, servers=[{address=localhost:27017, type=STANDALONE, roundTripTime=2.4 ms, state=CONNECTED}]
19:00:56.742 [cluster-ClusterId{value='66f2c618cd420662ec667a31', description='null'}-localhost:27017] DEBUG org.mongodb.driver.cluster - Checking status of localhost:27017
19:00:56.745 [main] INFO org.mongodb.driver.connection - Opened connection [connectionId{localValue:6, serverValue:207}] to localhost:27017
19:00:56.745 [main] DEBUG org.mongodb.driver.operation - retryWrites set to true but the server is a standalone server.
19:00:56.746 [main] DEBUG org.mongodb.driver.protocol.command - Sending command '{"insert": "reservations", "ordered": true, "$db": "RestaurantReservationSystem", "lsid": {"id": {"$binary": {"base64": "6XaWLaCuQhe3gkBfO3k6Yw==", "subType": "04"}}}, "documents": [{"_id": "5a8a4337-847c-44f2-a914-83062121bba2", "restaurant_id": "restaurant3", "name": "Jim Beam", "email": "jim@example.com", "phone": "1112223333", "party_size": 3, "date_time": "2024-09-24T19:00:56.739190100"}]}' with request id 12 to database RestaurantReservationSystem on connection [connectionId{localValue:6, serverValue:207}] to server localhost:27017
19:00:56.747 [main] DEBUG org.mongodb.driver.protocol.command - Execution of command with request id 12 completed successfully in 1.35 ms on connection [connectionId{localValue:6, serverValue:207}] to server localhost:27017
19:00:56.747 [main] DEBUG org.mongodb.driver.operation - retryWrites set to true but the server is a standalone server.
19:00:56.748 [main] DEBUG org.mongodb.driver.protocol.command - Sending command '{"delete": "reservations", "ordered": true, "$db": "RestaurantReservationSystem", "lsid": {"id": {"$binary": {"base64": "6XaWLaCuQhe3gkBfO3k6Yw==", "subType": "04"}}}, "deletes": [{"q": {"_id": "5a8a4337-847c-44f2-a914-83062121bba2"}, "limit": 1}]}' with request id 13 to database RestaurantReservationSystem on connection [connectionId{localValue:6, serverValue:207}] to server localhost:27017
19:00:56.749 [main] DEBUG org.mongodb.driver.protocol.command - Execution of command with request id 13 completed successfully in 1.52 ms on connection [connectionId{localValue:6, serverValue:207}] to server localhost:27017
19:00:56.750 [main] DEBUG org.mongodb.driver.protocol.command - Sending command '{"find": "reservations", "filter": {"_id": "5a8a4337-847c-44f2-a914-83062121bba2"}, "limit": 1, "singleBatch": true, "$db": "RestaurantReservationSystem", "lsid": {"id": {"$binary": {"base64": "6XaWLaCuQhe3gkBfO3k6Yw==", "subType": "04"}}}}' with request id 14 to database RestaurantReservationSystem on connection [connectionId{localValue:6, serverValue:207}] to server localhost:27017
19:00:56.751 [main] DEBUG org.mongodb.driver.protocol.command - Execution of command with request id 14 completed successfully in 1.23 ms on connection [connectionId{localValue:6, serverValue:207}] to server localhost:27017
19:00:56.753 [main] DEBUG org.mongodb.driver.operation - retryWrites set to true but the server is a standalone server.
19:00:56.753 [main] DEBUG org.mongodb.driver.protocol.command - Sending command '{"delete": "reservations", "ordered": true, "$db": "RestaurantReservationSystem", "lsid": {"id": {"$binary": {"base64": "6XaWLaCuQhe3gkBfO3k6Yw==", "subType": "04"}}}, "deletes": [{"q": {}, "limit": 0}]}' with request id 15 to database RestaurantReservationSystem on connection [connectionId{localValue:6, serverValue:207}] to server localhost:27017
19:00:56.754 [main] DEBUG org.mongodb.driver.protocol.command - Execution of command with request id 15 completed successfully in 1.34 ms on connection [connectionId{localValue:6, serverValue:207}] to server localhost:27017
]]></system-out>
  </testcase>
  <testcase name="testGetReservationById" classname="com.JavaProj.ReservationSystemImplTest" time="0.017">
    <system-out><![CDATA[19:00:56.756 [main] INFO org.mongodb.driver.cluster - Cluster created with settings {hosts=[localhost:27017], mode=SINGLE, requiredClusterType=UNKNOWN, serverSelectionTimeout='30000 ms'}
19:00:56.757 [main] DEBUG org.mongodb.driver.cluster - Updating cluster description to  {type=UNKNOWN, servers=[{address=localhost:27017, type=UNKNOWN, state=CONNECTING}]
19:00:56.758 [main] INFO org.mongodb.driver.cluster - Cluster description not yet available. Waiting for 30000 ms before timing out
19:00:56.760 [cluster-ClusterId{value='66f2c618cd420662ec667a32', description='null'}-localhost:27017] INFO org.mongodb.driver.connection - Opened connection [connectionId{localValue:8, serverValue:209}] to localhost:27017
19:00:56.760 [cluster-rtt-ClusterId{value='66f2c618cd420662ec667a32', description='null'}-localhost:27017] INFO org.mongodb.driver.connection - Opened connection [connectionId{localValue:7, serverValue:208}] to localhost:27017
19:00:56.761 [cluster-ClusterId{value='66f2c618cd420662ec667a32', description='null'}-localhost:27017] INFO org.mongodb.driver.cluster - Monitor thread successfully connected to server with description ServerDescription{address=localhost:27017, type=STANDALONE, state=CONNECTED, ok=true, minWireVersion=0, maxWireVersion=21, maxDocumentSize=16777216, logicalSessionTimeoutMinutes=30, roundTripTimeNanos=1996900}
19:00:56.761 [cluster-ClusterId{value='66f2c618cd420662ec667a32', description='null'}-localhost:27017] DEBUG org.mongodb.driver.cluster - Updating cluster description to  {type=STANDALONE, servers=[{address=localhost:27017, type=STANDALONE, roundTripTime=2.0 ms, state=CONNECTED}]
19:00:56.761 [cluster-ClusterId{value='66f2c618cd420662ec667a32', description='null'}-localhost:27017] DEBUG org.mongodb.driver.cluster - Checking status of localhost:27017
19:00:56.764 [main] INFO org.mongodb.driver.connection - Opened connection [connectionId{localValue:9, serverValue:210}] to localhost:27017
19:00:56.765 [main] DEBUG org.mongodb.driver.operation - retryWrites set to true but the server is a standalone server.
19:00:56.766 [main] DEBUG org.mongodb.driver.protocol.command - Sending command '{"insert": "reservations", "ordered": true, "$db": "RestaurantReservationSystem", "lsid": {"id": {"$binary": {"base64": "nQJF4SXuQCeu9J+AYJ6MJw==", "subType": "04"}}}, "documents": [{"_id": "1a630586-a2be-4bc7-9ae8-e5ccc97df3ff", "restaurant_id": "restaurant2", "name": "Jane Doe", "email": "jane@example.com", "phone": "0987654321", "party_size": 2, "date_time": "2024-09-24T19:00:56.758190900"}]}' with request id 20 to database RestaurantReservationSystem on connection [connectionId{localValue:9, serverValue:210}] to server localhost:27017
19:00:56.767 [main] DEBUG org.mongodb.driver.protocol.command - Execution of command with request id 20 completed successfully in 2.12 ms on connection [connectionId{localValue:9, serverValue:210}] to server localhost:27017
19:00:56.768 [main] DEBUG org.mongodb.driver.protocol.command - Sending command '{"find": "reservations", "filter": {"_id": "1a630586-a2be-4bc7-9ae8-e5ccc97df3ff"}, "limit": 1, "singleBatch": true, "$db": "RestaurantReservationSystem", "lsid": {"id": {"$binary": {"base64": "nQJF4SXuQCeu9J+AYJ6MJw==", "subType": "04"}}}}' with request id 21 to database RestaurantReservationSystem on connection [connectionId{localValue:9, serverValue:210}] to server localhost:27017
19:00:56.769 [main] DEBUG org.mongodb.driver.protocol.command - Execution of command with request id 21 completed successfully in 1.20 ms on connection [connectionId{localValue:9, serverValue:210}] to server localhost:27017
19:00:56.770 [main] DEBUG org.mongodb.driver.operation - retryWrites set to true but the server is a standalone server.
19:00:56.772 [main] DEBUG org.mongodb.driver.protocol.command - Sending command '{"delete": "reservations", "ordered": true, "$db": "RestaurantReservationSystem", "lsid": {"id": {"$binary": {"base64": "nQJF4SXuQCeu9J+AYJ6MJw==", "subType": "04"}}}, "deletes": [{"q": {}, "limit": 0}]}' with request id 22 to database RestaurantReservationSystem on connection [connectionId{localValue:9, serverValue:210}] to server localhost:27017
19:00:56.773 [main] DEBUG org.mongodb.driver.protocol.command - Execution of command with request id 22 completed successfully in 1.85 ms on connection [connectionId{localValue:9, serverValue:210}] to server localhost:27017
]]></system-out>
  </testcase>
</testsuite>